<?xml version="1.0" encoding="UTF-8"?>
<coverage generated="1668338540">
  <project timestamp="1668338540">
    <file name="/home/runner/work/nrephp/nrephp/src/Darwin/Commands/PushPortListener.php">
      <class name="Pedros80\NREphp\Darwin\Commands\PushPortListener" namespace="global">
        <metrics complexity="7" methods="2" coveredmethods="0" conditionals="0" coveredconditionals="0" statements="21" coveredstatements="0" elements="23" coveredelements="0"/>
      </class>
      <line num="26" type="method" name="configure" visibility="protected" complexity="1" crap="2" count="0"/>
      <line num="28" type="stmt" count="0"/>
      <line num="29" type="stmt" count="0"/>
      <line num="32" type="method" name="execute" visibility="protected" complexity="6" crap="42" count="0"/>
      <line num="34" type="stmt" count="0"/>
      <line num="35" type="stmt" count="0"/>
      <line num="38" type="stmt" count="0"/>
      <line num="39" type="stmt" count="0"/>
      <line num="40" type="stmt" count="0"/>
      <line num="41" type="stmt" count="0"/>
      <line num="43" type="stmt" count="0"/>
      <line num="45" type="stmt" count="0"/>
      <line num="47" type="stmt" count="0"/>
      <line num="48" type="stmt" count="0"/>
      <line num="51" type="stmt" count="0"/>
      <line num="52" type="stmt" count="0"/>
      <line num="53" type="stmt" count="0"/>
      <line num="54" type="stmt" count="0"/>
      <line num="55" type="stmt" count="0"/>
      <line num="57" type="stmt" count="0"/>
      <line num="59" type="stmt" count="0"/>
      <line num="60" type="stmt" count="0"/>
      <line num="62" type="stmt" count="0"/>
      <metrics loc="66" ncloc="66" classes="1" methods="2" coveredmethods="0" conditionals="0" coveredconditionals="0" statements="21" coveredstatements="0" elements="23" coveredelements="0"/>
    </file>
    <file name="/home/runner/work/nrephp/nrephp/src/Darwin/Exceptions/HSP/InvalidDays.php">
      <class name="Pedros80\NREphp\Darwin\Exceptions\HSP\InvalidDays" namespace="global">
        <metrics complexity="2" methods="2" coveredmethods="2" conditionals="0" coveredconditionals="0" statements="2" coveredstatements="2" elements="4" coveredelements="4"/>
      </class>
      <line num="12" type="method" name="__construct" visibility="private" complexity="1" crap="1" count="1"/>
      <line num="14" type="stmt" count="1"/>
      <line num="17" type="method" name="fromDays" visibility="public" complexity="1" crap="1" count="1"/>
      <line num="19" type="stmt" count="1"/>
      <metrics loc="22" ncloc="22" classes="1" methods="2" coveredmethods="2" conditionals="0" coveredconditionals="0" statements="2" coveredstatements="2" elements="4" coveredelements="4"/>
    </file>
    <file name="/home/runner/work/nrephp/nrephp/src/Darwin/Exceptions/HSP/InvalidHistoricalDateTime.php">
      <class name="Pedros80\NREphp\Darwin\Exceptions\HSP\InvalidHistoricalDateTime" namespace="global">
        <metrics complexity="2" methods="2" coveredmethods="2" conditionals="0" coveredconditionals="0" statements="2" coveredstatements="2" elements="4" coveredelements="4"/>
      </class>
      <line num="11" type="method" name="__construct" visibility="private" complexity="1" crap="1" count="2"/>
      <line num="13" type="stmt" count="2"/>
      <line num="16" type="method" name="fromString" visibility="public" complexity="1" crap="1" count="2"/>
      <line num="18" type="stmt" count="2"/>
      <metrics loc="21" ncloc="21" classes="1" methods="2" coveredmethods="2" conditionals="0" coveredconditionals="0" statements="2" coveredstatements="2" elements="4" coveredelements="4"/>
    </file>
    <file name="/home/runner/work/nrephp/nrephp/src/Darwin/Exceptions/HSP/InvalidParams.php">
      <class name="Pedros80\NREphp\Darwin\Exceptions\HSP\InvalidParams" namespace="global">
        <metrics complexity="3" methods="2" coveredmethods="2" conditionals="0" coveredconditionals="0" statements="4" coveredstatements="4" elements="6" coveredelements="6"/>
      </class>
      <line num="9" type="method" name="__construct" visibility="private" complexity="1" crap="1" count="2"/>
      <line num="11" type="stmt" count="2"/>
      <line num="14" type="method" name="fromArray" visibility="public" complexity="2" crap="2" count="2"/>
      <line num="16" type="stmt" count="2"/>
      <line num="17" type="stmt" count="1"/>
      <line num="19" type="stmt" count="1"/>
      <metrics loc="23" ncloc="23" classes="1" methods="2" coveredmethods="2" conditionals="0" coveredconditionals="0" statements="4" coveredstatements="4" elements="6" coveredelements="6"/>
    </file>
    <file name="/home/runner/work/nrephp/nrephp/src/Darwin/Exceptions/HSP/InvalidTolerance.php">
      <class name="Pedros80\NREphp\Darwin\Exceptions\HSP\InvalidTolerance" namespace="global">
        <metrics complexity="3" methods="3" coveredmethods="3" conditionals="0" coveredconditionals="0" statements="3" coveredstatements="3" elements="6" coveredelements="6"/>
      </class>
      <line num="11" type="method" name="__construct" visibility="private" complexity="1" crap="1" count="2"/>
      <line num="13" type="stmt" count="2"/>
      <line num="16" type="method" name="fromLength" visibility="public" complexity="1" crap="1" count="1"/>
      <line num="18" type="stmt" count="1"/>
      <line num="21" type="method" name="fromValue" visibility="public" complexity="1" crap="1" count="1"/>
      <line num="23" type="stmt" count="1"/>
      <metrics loc="26" ncloc="26" classes="1" methods="3" coveredmethods="3" conditionals="0" coveredconditionals="0" statements="3" coveredstatements="3" elements="6" coveredelements="6"/>
    </file>
    <file name="/home/runner/work/nrephp/nrephp/src/Darwin/Exceptions/InvalidStationCode.php">
      <class name="Pedros80\NREphp\Darwin\Exceptions\InvalidStationCode" namespace="global">
        <metrics complexity="2" methods="2" coveredmethods="2" conditionals="0" coveredconditionals="0" statements="2" coveredstatements="2" elements="4" coveredelements="4"/>
      </class>
      <line num="11" type="method" name="__construct" visibility="private" complexity="1" crap="1" count="2"/>
      <line num="13" type="stmt" count="2"/>
      <line num="16" type="method" name="fromCode" visibility="public" complexity="1" crap="1" count="2"/>
      <line num="18" type="stmt" count="2"/>
      <metrics loc="21" ncloc="21" classes="1" methods="2" coveredmethods="2" conditionals="0" coveredconditionals="0" statements="2" coveredstatements="2" elements="4" coveredelements="4"/>
    </file>
    <file name="/home/runner/work/nrephp/nrephp/src/Darwin/Exceptions/InvalidTOC.php">
      <class name="Pedros80\NREphp\Darwin\Exceptions\InvalidTOC" namespace="global">
        <metrics complexity="2" methods="2" coveredmethods="2" conditionals="0" coveredconditionals="0" statements="2" coveredstatements="2" elements="4" coveredelements="4"/>
      </class>
      <line num="11" type="method" name="__construct" visibility="private" complexity="1" crap="1" count="1"/>
      <line num="13" type="stmt" count="1"/>
      <line num="16" type="method" name="fromCode" visibility="public" complexity="1" crap="1" count="1"/>
      <line num="18" type="stmt" count="1"/>
      <metrics loc="21" ncloc="21" classes="1" methods="2" coveredmethods="2" conditionals="0" coveredconditionals="0" statements="2" coveredstatements="2" elements="4" coveredelements="4"/>
    </file>
    <file name="/home/runner/work/nrephp/nrephp/src/Darwin/Exceptions/LDB/InvalidFilterList.php">
      <class name="Pedros80\NREphp\Darwin\Exceptions\LDB\InvalidFilterList" namespace="global">
        <metrics complexity="2" methods="2" coveredmethods="2" conditionals="0" coveredconditionals="0" statements="2" coveredstatements="2" elements="4" coveredelements="4"/>
      </class>
      <line num="11" type="method" name="__construct" visibility="private" complexity="1" crap="1" count="2"/>
      <line num="13" type="stmt" count="2"/>
      <line num="16" type="method" name="fromNumber" visibility="public" complexity="1" crap="1" count="2"/>
      <line num="18" type="stmt" count="2"/>
      <metrics loc="21" ncloc="21" classes="1" methods="2" coveredmethods="2" conditionals="0" coveredconditionals="0" statements="2" coveredstatements="2" elements="4" coveredelements="4"/>
    </file>
    <file name="/home/runner/work/nrephp/nrephp/src/Darwin/Exceptions/LDB/InvalidFilterType.php">
      <class name="Pedros80\NREphp\Darwin\Exceptions\LDB\InvalidFilterType" namespace="global">
        <metrics complexity="2" methods="2" coveredmethods="2" conditionals="0" coveredconditionals="0" statements="2" coveredstatements="2" elements="4" coveredelements="4"/>
      </class>
      <line num="11" type="method" name="__construct" visibility="private" complexity="1" crap="1" count="1"/>
      <line num="13" type="stmt" count="1"/>
      <line num="16" type="method" name="fromFilter" visibility="public" complexity="1" crap="1" count="1"/>
      <line num="18" type="stmt" count="1"/>
      <metrics loc="21" ncloc="21" classes="1" methods="2" coveredmethods="2" conditionals="0" coveredconditionals="0" statements="2" coveredstatements="2" elements="4" coveredelements="4"/>
    </file>
    <file name="/home/runner/work/nrephp/nrephp/src/Darwin/Exceptions/LDB/InvalidNumRows.php">
      <class name="Pedros80\NREphp\Darwin\Exceptions\LDB\InvalidNumRows" namespace="global">
        <metrics complexity="2" methods="2" coveredmethods="2" conditionals="0" coveredconditionals="0" statements="2" coveredstatements="2" elements="4" coveredelements="4"/>
      </class>
      <line num="11" type="method" name="__construct" visibility="private" complexity="1" crap="1" count="2"/>
      <line num="13" type="stmt" count="2"/>
      <line num="16" type="method" name="fromNumber" visibility="public" complexity="1" crap="1" count="2"/>
      <line num="18" type="stmt" count="2"/>
      <metrics loc="21" ncloc="21" classes="1" methods="2" coveredmethods="2" conditionals="0" coveredconditionals="0" statements="2" coveredstatements="2" elements="4" coveredelements="4"/>
    </file>
    <file name="/home/runner/work/nrephp/nrephp/src/Darwin/Exceptions/LDB/InvalidParams.php">
      <class name="Pedros80\NREphp\Darwin\Exceptions\LDB\InvalidParams" namespace="global">
        <metrics complexity="3" methods="2" coveredmethods="2" conditionals="0" coveredconditionals="0" statements="4" coveredstatements="4" elements="6" coveredelements="6"/>
      </class>
      <line num="9" type="method" name="__construct" visibility="private" complexity="1" crap="1" count="2"/>
      <line num="11" type="stmt" count="2"/>
      <line num="14" type="method" name="fromArray" visibility="public" complexity="2" crap="2" count="2"/>
      <line num="16" type="stmt" count="2"/>
      <line num="17" type="stmt" count="1"/>
      <line num="19" type="stmt" count="1"/>
      <metrics loc="23" ncloc="23" classes="1" methods="2" coveredmethods="2" conditionals="0" coveredconditionals="0" statements="4" coveredstatements="4" elements="6" coveredelements="6"/>
    </file>
    <file name="/home/runner/work/nrephp/nrephp/src/Darwin/Exceptions/LDB/InvalidTimeOffset.php">
      <class name="Pedros80\NREphp\Darwin\Exceptions\LDB\InvalidTimeOffset" namespace="global">
        <metrics complexity="2" methods="2" coveredmethods="2" conditionals="0" coveredconditionals="0" statements="2" coveredstatements="2" elements="4" coveredelements="4"/>
      </class>
      <line num="11" type="method" name="__construct" visibility="private" complexity="1" crap="1" count="2"/>
      <line num="13" type="stmt" count="2"/>
      <line num="16" type="method" name="fromNumber" visibility="public" complexity="1" crap="1" count="2"/>
      <line num="18" type="stmt" count="2"/>
      <metrics loc="21" ncloc="21" classes="1" methods="2" coveredmethods="2" conditionals="0" coveredconditionals="0" statements="2" coveredstatements="2" elements="4" coveredelements="4"/>
    </file>
    <file name="/home/runner/work/nrephp/nrephp/src/Darwin/Exceptions/LDB/InvalidTimeWindow.php">
      <class name="Pedros80\NREphp\Darwin\Exceptions\LDB\InvalidTimeWindow" namespace="global">
        <metrics complexity="2" methods="2" coveredmethods="2" conditionals="0" coveredconditionals="0" statements="2" coveredstatements="2" elements="4" coveredelements="4"/>
      </class>
      <line num="11" type="method" name="__construct" visibility="private" complexity="1" crap="1" count="2"/>
      <line num="13" type="stmt" count="2"/>
      <line num="16" type="method" name="fromNumber" visibility="public" complexity="1" crap="1" count="2"/>
      <line num="18" type="stmt" count="2"/>
      <metrics loc="21" ncloc="21" classes="1" methods="2" coveredmethods="2" conditionals="0" coveredconditionals="0" statements="2" coveredstatements="2" elements="4" coveredelements="4"/>
    </file>
    <file name="/home/runner/work/nrephp/nrephp/src/Darwin/Exceptions/LDB/LDBException.php">
      <class name="Pedros80\NREphp\Darwin\Exceptions\LDB\LDBException" namespace="global">
        <metrics complexity="5" methods="2" coveredmethods="1" conditionals="0" coveredconditionals="0" statements="17" coveredstatements="12" elements="19" coveredelements="13"/>
      </class>
      <line num="12" type="method" name="__construct" visibility="private" complexity="1" crap="1" count="2"/>
      <line num="14" type="stmt" count="2"/>
      <line num="17" type="method" name="fromResponse" visibility="public" complexity="4" crap="4.49" count="2"/>
      <line num="19" type="stmt" count="2"/>
      <line num="20" type="stmt" count="1"/>
      <line num="21" type="stmt" count="1"/>
      <line num="22" type="stmt" count="1"/>
      <line num="23" type="stmt" count="1"/>
      <line num="24" type="stmt" count="1"/>
      <line num="26" type="stmt" count="1"/>
      <line num="27" type="stmt" count="1"/>
      <line num="28" type="stmt" count="1"/>
      <line num="31" type="stmt" count="2"/>
      <line num="32" type="stmt" count="0"/>
      <line num="33" type="stmt" count="0"/>
      <line num="34" type="stmt" count="0"/>
      <line num="35" type="stmt" count="0"/>
      <line num="36" type="stmt" count="0"/>
      <line num="39" type="stmt" count="2"/>
      <metrics loc="42" ncloc="42" classes="1" methods="2" coveredmethods="1" conditionals="0" coveredconditionals="0" statements="17" coveredstatements="12" elements="19" coveredelements="13"/>
    </file>
    <file name="/home/runner/work/nrephp/nrephp/src/Darwin/Factories/HttpClientFactory.php">
      <class name="Pedros80\NREphp\Darwin\Factories\HttpClientFactory" namespace="global">
        <metrics complexity="1" methods="1" coveredmethods="1" conditionals="0" coveredconditionals="0" statements="3" coveredstatements="3" elements="4" coveredelements="4"/>
      </class>
      <line num="15" type="method" name="make" visibility="public" complexity="1" crap="1" count="2"/>
      <line num="17" type="stmt" count="2"/>
      <line num="19" type="stmt" count="2"/>
      <line num="23" type="stmt" count="2"/>
      <metrics loc="30" ncloc="30" classes="1" methods="1" coveredmethods="1" conditionals="0" coveredconditionals="0" statements="3" coveredstatements="3" elements="4" coveredelements="4"/>
    </file>
    <file name="/home/runner/work/nrephp/nrephp/src/Darwin/Factories/ServicesFactory.php">
      <class name="Pedros80\NREphp\Darwin\Factories\ServicesFactory" namespace="global">
        <metrics complexity="2" methods="2" coveredmethods="2" conditionals="0" coveredconditionals="0" statements="6" coveredstatements="6" elements="8" coveredelements="8"/>
      </class>
      <line num="14" type="method" name="makeLDB" visibility="public" complexity="1" crap="1" count="1"/>
      <line num="16" type="stmt" count="1"/>
      <line num="17" type="stmt" count="1"/>
      <line num="19" type="stmt" count="1"/>
      <line num="22" type="method" name="makeHSP" visibility="public" complexity="1" crap="1" count="1"/>
      <line num="24" type="stmt" count="1"/>
      <line num="25" type="stmt" count="1"/>
      <line num="27" type="stmt" count="1"/>
      <metrics loc="30" ncloc="30" classes="1" methods="2" coveredmethods="2" conditionals="0" coveredconditionals="0" statements="6" coveredstatements="6" elements="8" coveredelements="8"/>
    </file>
    <file name="/home/runner/work/nrephp/nrephp/src/Darwin/Factories/SoapClientFactory.php">
      <class name="Pedros80\NREphp\Darwin\Factories\SoapClientFactory" namespace="global">
        <metrics complexity="2" methods="1" coveredmethods="1" conditionals="0" coveredconditionals="0" statements="8" coveredstatements="8" elements="9" coveredelements="9"/>
      </class>
      <line num="19" type="method" name="make" visibility="public" complexity="2" crap="2" count="3"/>
      <line num="21" type="stmt" count="3"/>
      <line num="27" type="stmt" count="3"/>
      <line num="28" type="stmt" count="3"/>
      <line num="31" type="stmt" count="3"/>
      <line num="32" type="stmt" count="3"/>
      <line num="33" type="stmt" count="3"/>
      <line num="34" type="stmt" count="3"/>
      <line num="36" type="stmt" count="3"/>
      <metrics loc="39" ncloc="39" classes="1" methods="1" coveredmethods="1" conditionals="0" coveredconditionals="0" statements="8" coveredstatements="8" elements="9" coveredelements="9"/>
    </file>
    <file name="/home/runner/work/nrephp/nrephp/src/Darwin/Params/HSP/Days.php">
      <class name="Pedros80\NREphp\Darwin\Params\HSP\Days" namespace="global">
        <metrics complexity="3" methods="2" coveredmethods="2" conditionals="0" coveredconditionals="0" statements="4" coveredstatements="4" elements="6" coveredelements="6"/>
      </class>
      <line num="21" type="method" name="__construct" visibility="public" complexity="2" crap="2" count="6"/>
      <line num="23" type="stmt" count="6"/>
      <line num="24" type="stmt" count="1"/>
      <line num="28" type="method" name="__toString" visibility="public" complexity="1" crap="1" count="5"/>
      <line num="30" type="stmt" count="5"/>
      <metrics loc="33" ncloc="33" classes="1" methods="2" coveredmethods="2" conditionals="0" coveredconditionals="0" statements="4" coveredstatements="4" elements="6" coveredelements="6"/>
    </file>
    <file name="/home/runner/work/nrephp/nrephp/src/Darwin/Params/HSP/HistoricalDateTime.php">
      <class name="Pedros80\NREphp\Darwin\Params\HSP\HistoricalDateTime" namespace="global">
        <metrics complexity="6" methods="4" coveredmethods="4" conditionals="0" coveredconditionals="0" statements="8" coveredstatements="8" elements="12" coveredelements="12"/>
      </class>
      <line num="12" type="method" name="__construct" visibility="private" complexity="1" crap="1" count="6"/>
      <line num="17" type="method" name="date" visibility="public" complexity="1" crap="1" count="6"/>
      <line num="19" type="stmt" count="6"/>
      <line num="22" type="method" name="time" visibility="public" complexity="1" crap="1" count="6"/>
      <line num="24" type="stmt" count="6"/>
      <line num="27" type="method" name="fromString" visibility="public" complexity="3" crap="3" count="8"/>
      <line num="29" type="stmt" count="8"/>
      <line num="31" type="stmt" count="8"/>
      <line num="33" type="stmt" count="8"/>
      <line num="34" type="stmt" count="2"/>
      <line num="37" type="stmt" count="6"/>
      <metrics loc="40" ncloc="40" classes="1" methods="4" coveredmethods="4" conditionals="0" coveredconditionals="0" statements="8" coveredstatements="8" elements="12" coveredelements="12"/>
    </file>
    <file name="/home/runner/work/nrephp/nrephp/src/Darwin/Params/HSP/Params.php">
      <class name="Pedros80\NREphp\Darwin\Params\HSP\Params" namespace="global">
        <metrics complexity="22" methods="3" coveredmethods="3" conditionals="0" coveredconditionals="0" statements="32" coveredstatements="32" elements="35" coveredelements="35"/>
      </class>
      <line num="13" type="method" name="__construct" visibility="private" complexity="1" crap="1" count="7"/>
      <line num="25" type="method" name="toArray" visibility="public" complexity="9" crap="9" count="7"/>
      <line num="27" type="stmt" count="7"/>
      <line num="29" type="stmt" count="7"/>
      <line num="30" type="stmt" count="3"/>
      <line num="33" type="stmt" count="7"/>
      <line num="34" type="stmt" count="3"/>
      <line num="37" type="stmt" count="7"/>
      <line num="38" type="stmt" count="3"/>
      <line num="39" type="stmt" count="3"/>
      <line num="42" type="stmt" count="7"/>
      <line num="43" type="stmt" count="3"/>
      <line num="44" type="stmt" count="3"/>
      <line num="47" type="stmt" count="7"/>
      <line num="48" type="stmt" count="3"/>
      <line num="51" type="stmt" count="7"/>
      <line num="52" type="stmt" count="1"/>
      <line num="55" type="stmt" count="7"/>
      <line num="56" type="stmt" count="3"/>
      <line num="59" type="stmt" count="7"/>
      <line num="60" type="stmt" count="4"/>
      <line num="63" type="stmt" count="7"/>
      <line num="66" type="method" name="fromArray" visibility="public" complexity="12" crap="12" count="9"/>
      <line num="68" type="stmt" count="9"/>
      <line num="69" type="stmt" count="2"/>
      <line num="72" type="stmt" count="7"/>
      <line num="73" type="stmt" count="7"/>
      <line num="74" type="stmt" count="7"/>
      <line num="75" type="stmt" count="7"/>
      <line num="76" type="stmt" count="7"/>
      <line num="77" type="stmt" count="7"/>
      <line num="78" type="stmt" count="7"/>
      <line num="79" type="stmt" count="7"/>
      <line num="81" type="stmt" count="7"/>
      <metrics loc="84" ncloc="84" classes="1" methods="3" coveredmethods="3" conditionals="0" coveredconditionals="0" statements="32" coveredstatements="32" elements="35" coveredelements="35"/>
    </file>
    <file name="/home/runner/work/nrephp/nrephp/src/Darwin/Params/HSP/Rid.php">
      <class name="Pedros80\NREphp\Darwin\Params\HSP\Rid" namespace="global">
        <metrics complexity="2" methods="2" coveredmethods="2" conditionals="0" coveredconditionals="0" statements="2" coveredstatements="2" elements="4" coveredelements="4"/>
      </class>
      <line num="9" type="method" name="__construct" visibility="public" complexity="1" crap="1" count="4"/>
      <line num="15" type="method" name="__toString" visibility="public" complexity="1" crap="1" count="4"/>
      <line num="17" type="stmt" count="4"/>
      <metrics loc="20" ncloc="19" classes="1" methods="2" coveredmethods="2" conditionals="0" coveredconditionals="0" statements="2" coveredstatements="2" elements="4" coveredelements="4"/>
    </file>
    <file name="/home/runner/work/nrephp/nrephp/src/Darwin/Params/HSP/Tolerance.php">
      <class name="Pedros80\NREphp\Darwin\Params\HSP\Tolerance" namespace="global">
        <metrics complexity="5" methods="2" coveredmethods="2" conditionals="0" coveredconditionals="0" statements="7" coveredstatements="7" elements="9" coveredelements="9"/>
      </class>
      <line num="11" type="method" name="__construct" visibility="public" complexity="4" crap="4" count="4"/>
      <line num="14" type="stmt" count="4"/>
      <line num="15" type="stmt" count="1"/>
      <line num="18" type="stmt" count="3"/>
      <line num="19" type="stmt" count="3"/>
      <line num="20" type="stmt" count="1"/>
      <line num="25" type="method" name="values" visibility="public" complexity="1" crap="1" count="2"/>
      <line num="27" type="stmt" count="2"/>
      <metrics loc="30" ncloc="30" classes="1" methods="2" coveredmethods="2" conditionals="0" coveredconditionals="0" statements="7" coveredstatements="7" elements="9" coveredelements="9"/>
    </file>
    <file name="/home/runner/work/nrephp/nrephp/src/Darwin/Params/LDB/FilterList.php">
      <class name="Pedros80\NREphp\Darwin\Params\LDB\FilterList" namespace="global">
        <metrics complexity="4" methods="2" coveredmethods="2" conditionals="0" coveredconditionals="0" statements="4" coveredstatements="4" elements="6" coveredelements="6"/>
      </class>
      <line num="18" type="method" name="__construct" visibility="public" complexity="3" crap="3" count="9"/>
      <line num="22" type="stmt" count="9"/>
      <line num="23" type="stmt" count="2"/>
      <line num="26" type="stmt" count="7"/>
      <line num="29" type="method" name="value" visibility="public" complexity="1" crap="1" count="6"/>
      <line num="31" type="stmt" count="6"/>
      <metrics loc="34" ncloc="34" classes="1" methods="2" coveredmethods="2" conditionals="0" coveredconditionals="0" statements="4" coveredstatements="4" elements="6" coveredelements="6"/>
    </file>
    <file name="/home/runner/work/nrephp/nrephp/src/Darwin/Params/LDB/FilterType.php">
      <class name="Pedros80\NREphp\Darwin\Params\LDB\FilterType" namespace="global">
        <metrics complexity="3" methods="2" coveredmethods="2" conditionals="0" coveredconditionals="0" statements="4" coveredstatements="4" elements="6" coveredelements="6"/>
      </class>
      <line num="16" type="method" name="__construct" visibility="public" complexity="2" crap="2" count="3"/>
      <line num="19" type="stmt" count="3"/>
      <line num="20" type="stmt" count="1"/>
      <line num="24" type="method" name="__toString" visibility="public" complexity="1" crap="1" count="2"/>
      <line num="26" type="stmt" count="2"/>
      <metrics loc="29" ncloc="29" classes="1" methods="2" coveredmethods="2" conditionals="0" coveredconditionals="0" statements="4" coveredstatements="4" elements="6" coveredelements="6"/>
    </file>
    <file name="/home/runner/work/nrephp/nrephp/src/Darwin/Params/LDB/NumRows.php">
      <class name="Pedros80\NREphp\Darwin\Params\LDB\NumRows" namespace="global">
        <metrics complexity="5" methods="3" coveredmethods="3" conditionals="0" coveredconditionals="0" statements="5" coveredstatements="5" elements="8" coveredelements="8"/>
      </class>
      <line num="14" type="method" name="__construct" visibility="public" complexity="3" crap="3" count="10"/>
      <line num="18" type="stmt" count="10"/>
      <line num="19" type="stmt" count="2"/>
      <line num="23" type="method" name="value" visibility="public" complexity="1" crap="1" count="8"/>
      <line num="25" type="stmt" count="8"/>
      <line num="28" type="method" name="max" visibility="public" complexity="1" crap="1" count="1"/>
      <line num="30" type="stmt" count="1"/>
      <metrics loc="33" ncloc="33" classes="1" methods="3" coveredmethods="3" conditionals="0" coveredconditionals="0" statements="5" coveredstatements="5" elements="8" coveredelements="8"/>
    </file>
    <file name="/home/runner/work/nrephp/nrephp/src/Darwin/Params/LDB/Params.php">
      <class name="Pedros80\NREphp\Darwin\Params\LDB\Params" namespace="global">
        <metrics complexity="22" methods="3" coveredmethods="3" conditionals="0" coveredconditionals="0" statements="30" coveredstatements="30" elements="33" coveredelements="33"/>
      </class>
      <line num="18" type="method" name="__construct" visibility="private" complexity="1" crap="1" count="16"/>
      <line num="30" type="method" name="toArray" visibility="public" complexity="9" crap="9" count="16"/>
      <line num="32" type="stmt" count="16"/>
      <line num="34" type="stmt" count="16"/>
      <line num="35" type="stmt" count="12"/>
      <line num="38" type="stmt" count="16"/>
      <line num="39" type="stmt" count="1"/>
      <line num="42" type="stmt" count="16"/>
      <line num="43" type="stmt" count="1"/>
      <line num="46" type="stmt" count="16"/>
      <line num="47" type="stmt" count="2"/>
      <line num="50" type="stmt" count="16"/>
      <line num="51" type="stmt" count="2"/>
      <line num="54" type="stmt" count="16"/>
      <line num="55" type="stmt" count="7"/>
      <line num="58" type="stmt" count="16"/>
      <line num="59" type="stmt" count="5"/>
      <line num="62" type="stmt" count="16"/>
      <line num="63" type="stmt" count="4"/>
      <line num="66" type="stmt" count="16"/>
      <line num="69" type="method" name="fromArray" visibility="public" complexity="12" crap="12" count="18"/>
      <line num="71" type="stmt" count="18"/>
      <line num="72" type="stmt" count="2"/>
      <line num="75" type="stmt" count="16"/>
      <line num="76" type="stmt" count="16"/>
      <line num="77" type="stmt" count="16"/>
      <line num="78" type="stmt" count="16"/>
      <line num="79" type="stmt" count="16"/>
      <line num="80" type="stmt" count="16"/>
      <line num="81" type="stmt" count="16"/>
      <line num="82" type="stmt" count="16"/>
      <line num="84" type="stmt" count="16"/>
      <metrics loc="87" ncloc="87" classes="1" methods="3" coveredmethods="3" conditionals="0" coveredconditionals="0" statements="30" coveredstatements="30" elements="33" coveredelements="33"/>
    </file>
    <file name="/home/runner/work/nrephp/nrephp/src/Darwin/Params/LDB/ServiceID.php">
      <class name="Pedros80\NREphp\Darwin\Params\LDB\ServiceID" namespace="global">
        <metrics complexity="2" methods="2" coveredmethods="2" conditionals="0" coveredconditionals="0" statements="2" coveredstatements="2" elements="4" coveredelements="4"/>
      </class>
      <line num="9" type="method" name="__construct" visibility="public" complexity="1" crap="1" count="5"/>
      <line num="14" type="method" name="__toString" visibility="public" complexity="1" crap="1" count="5"/>
      <line num="16" type="stmt" count="5"/>
      <metrics loc="19" ncloc="19" classes="1" methods="2" coveredmethods="2" conditionals="0" coveredconditionals="0" statements="2" coveredstatements="2" elements="4" coveredelements="4"/>
    </file>
    <file name="/home/runner/work/nrephp/nrephp/src/Darwin/Params/LDB/TimeOffset.php">
      <class name="Pedros80\NREphp\Darwin\Params\LDB\TimeOffset" namespace="global">
        <metrics complexity="4" methods="2" coveredmethods="2" conditionals="0" coveredconditionals="0" statements="4" coveredstatements="4" elements="6" coveredelements="6"/>
      </class>
      <line num="14" type="method" name="__construct" visibility="public" complexity="3" crap="3" count="5"/>
      <line num="17" type="stmt" count="5"/>
      <line num="18" type="stmt" count="2"/>
      <line num="22" type="method" name="value" visibility="public" complexity="1" crap="1" count="3"/>
      <line num="24" type="stmt" count="3"/>
      <metrics loc="27" ncloc="27" classes="1" methods="2" coveredmethods="2" conditionals="0" coveredconditionals="0" statements="4" coveredstatements="4" elements="6" coveredelements="6"/>
    </file>
    <file name="/home/runner/work/nrephp/nrephp/src/Darwin/Params/LDB/TimeWindow.php">
      <class name="Pedros80\NREphp\Darwin\Params\LDB\TimeWindow" namespace="global">
        <metrics complexity="4" methods="2" coveredmethods="2" conditionals="0" coveredconditionals="0" statements="4" coveredstatements="4" elements="6" coveredelements="6"/>
      </class>
      <line num="14" type="method" name="__construct" visibility="public" complexity="3" crap="3" count="5"/>
      <line num="17" type="stmt" count="5"/>
      <line num="18" type="stmt" count="2"/>
      <line num="22" type="method" name="value" visibility="public" complexity="1" crap="1" count="3"/>
      <line num="24" type="stmt" count="3"/>
      <metrics loc="27" ncloc="27" classes="1" methods="2" coveredmethods="2" conditionals="0" coveredconditionals="0" statements="4" coveredstatements="4" elements="6" coveredelements="6"/>
    </file>
    <file name="/home/runner/work/nrephp/nrephp/src/Darwin/Params/StationCode.php">
      <class name="Pedros80\NREphp\Darwin\Params\StationCode" namespace="global">
        <metrics complexity="5" methods="4" coveredmethods="4" conditionals="0" coveredconditionals="0" statements="6" coveredstatements="6" elements="10" coveredelements="10"/>
      </class>
      <line num="2599" type="method" name="__construct" visibility="public" complexity="2" crap="2" count="21"/>
      <line num="2601" type="stmt" count="21"/>
      <line num="2602" type="stmt" count="2"/>
      <line num="2606" type="method" name="name" visibility="public" complexity="1" crap="1" count="2"/>
      <line num="2608" type="stmt" count="2"/>
      <line num="2611" type="method" name="__toString" visibility="public" complexity="1" crap="1" count="18"/>
      <line num="2613" type="stmt" count="18"/>
      <line num="2616" type="method" name="random" visibility="public" complexity="1" crap="1" count="1"/>
      <line num="2618" type="stmt" count="1"/>
      <metrics loc="2621" ncloc="2617" classes="1" methods="4" coveredmethods="4" conditionals="0" coveredconditionals="0" statements="6" coveredstatements="6" elements="10" coveredelements="10"/>
    </file>
    <file name="/home/runner/work/nrephp/nrephp/src/Darwin/Params/TOC.php">
      <class name="Pedros80\NREphp\Darwin\Params\TOC" namespace="global">
        <metrics complexity="3" methods="2" coveredmethods="2" conditionals="0" coveredconditionals="0" statements="4" coveredstatements="4" elements="6" coveredelements="6"/>
      </class>
      <line num="248" type="method" name="__construct" visibility="public" complexity="2" crap="2" count="5"/>
      <line num="250" type="stmt" count="5"/>
      <line num="251" type="stmt" count="1"/>
      <line num="255" type="method" name="__toString" visibility="public" complexity="1" crap="1" count="4"/>
      <line num="257" type="stmt" count="4"/>
      <metrics loc="260" ncloc="256" classes="1" methods="2" coveredmethods="2" conditionals="0" coveredconditionals="0" statements="4" coveredstatements="4" elements="6" coveredelements="6"/>
    </file>
    <file name="/home/runner/work/nrephp/nrephp/src/Darwin/Services/HSP.php">
      <class name="Pedros80\NREphp\Darwin\Services\HSP" namespace="global">
        <metrics complexity="6" methods="4" coveredmethods="4" conditionals="0" coveredconditionals="0" statements="12" coveredstatements="12" elements="16" coveredelements="16"/>
      </class>
      <line num="12" type="method" name="__construct" visibility="public" complexity="1" crap="1" count="5"/>
      <line num="17" type="method" name="getServiceMetrics" visibility="public" complexity="2" crap="2" count="2"/>
      <line num="26" type="stmt" count="2"/>
      <line num="37" type="stmt" count="2"/>
      <line num="38" type="stmt" count="1"/>
      <line num="39" type="stmt" count="1"/>
      <line num="43" type="method" name="getServiceDetails" visibility="public" complexity="2" crap="2" count="2"/>
      <line num="45" type="stmt" count="2"/>
      <line num="50" type="stmt" count="2"/>
      <line num="51" type="stmt" count="1"/>
      <line num="52" type="stmt" count="1"/>
      <line num="56" type="method" name="call" visibility="private" complexity="1" crap="1" count="4"/>
      <line num="58" type="stmt" count="4"/>
      <line num="59" type="stmt" count="4"/>
      <line num="62" type="stmt" count="2"/>
      <metrics loc="65" ncloc="65" classes="1" methods="4" coveredmethods="4" conditionals="0" coveredconditionals="0" statements="12" coveredstatements="12" elements="16" coveredelements="16"/>
    </file>
    <file name="/home/runner/work/nrephp/nrephp/src/Darwin/Services/LDB.php">
      <class name="Pedros80\NREphp\Darwin\Services\LDB" namespace="global">
        <metrics complexity="17" methods="16" coveredmethods="16" conditionals="0" coveredconditionals="0" statements="24" coveredstatements="24" elements="40" coveredelements="40"/>
      </class>
      <line num="17" type="method" name="__construct" visibility="public" complexity="1" crap="1" count="14"/>
      <line num="22" type="method" name="getArrBoardWithDetails" visibility="public" complexity="1" crap="1" count="1"/>
      <line num="30" type="stmt" count="1"/>
      <line num="33" type="method" name="getArrDepBoardWithDetails" visibility="public" complexity="1" crap="1" count="1"/>
      <line num="41" type="stmt" count="1"/>
      <line num="44" type="method" name="getArrivalBoard" visibility="public" complexity="1" crap="1" count="1"/>
      <line num="52" type="stmt" count="1"/>
      <line num="55" type="method" name="getArrivalDepartureBoard" visibility="public" complexity="1" crap="1" count="1"/>
      <line num="63" type="stmt" count="1"/>
      <line num="66" type="method" name="getDepartureBoard" visibility="public" complexity="1" crap="1" count="1"/>
      <line num="74" type="stmt" count="1"/>
      <line num="77" type="method" name="getDepBoardWithDetails" visibility="public" complexity="1" crap="1" count="1"/>
      <line num="85" type="stmt" count="1"/>
      <line num="88" type="method" name="getFastestDepartures" visibility="public" complexity="1" crap="1" count="1"/>
      <line num="94" type="stmt" count="1"/>
      <line num="97" type="method" name="getFastestDeparturesWithDetails" visibility="public" complexity="1" crap="1" count="1"/>
      <line num="103" type="stmt" count="1"/>
      <line num="106" type="method" name="getNextDepartures" visibility="public" complexity="1" crap="1" count="1"/>
      <line num="112" type="stmt" count="1"/>
      <line num="115" type="method" name="getNextDeparturesWithDetails" visibility="public" complexity="1" crap="1" count="1"/>
      <line num="121" type="stmt" count="1"/>
      <line num="124" type="method" name="getServiceDetails" visibility="public" complexity="1" crap="1" count="3"/>
      <line num="126" type="stmt" count="3"/>
      <line num="128" type="stmt" count="3"/>
      <line num="131" type="method" name="departuresBoard" visibility="private" complexity="1" crap="1" count="4"/>
      <line num="139" type="stmt" count="4"/>
      <line num="147" type="stmt" count="4"/>
      <line num="150" type="method" name="stationBoardWithDetails" visibility="private" complexity="1" crap="1" count="3"/>
      <line num="159" type="stmt" count="3"/>
      <line num="162" type="method" name="stationBoard" visibility="private" complexity="1" crap="1" count="6"/>
      <line num="172" type="stmt" count="6"/>
      <line num="182" type="stmt" count="6"/>
      <line num="185" type="method" name="call" visibility="private" complexity="2" crap="2" count="13"/>
      <line num="188" type="stmt" count="13"/>
      <line num="189" type="stmt" count="2"/>
      <line num="190" type="stmt" count="2"/>
      <line num="191" type="stmt" count="2"/>
      <line num="192" type="stmt" count="2"/>
      <line num="193" type="stmt" count="2"/>
      <metrics loc="198" ncloc="198" classes="1" methods="16" coveredmethods="16" conditionals="0" coveredconditionals="0" statements="24" coveredstatements="24" elements="40" coveredelements="40"/>
    </file>
    <file name="/home/runner/work/nrephp/nrephp/src/OpenData/DTD/DTD.php">
      <class name="Pedros80\NREphp\OpenData\DTD\DTD" namespace="global">
        <metrics complexity="3" methods="3" coveredmethods="3" conditionals="0" coveredconditionals="0" statements="3" coveredstatements="3" elements="6" coveredelements="6"/>
      </class>
      <line num="9" type="method" name="fares" visibility="public" complexity="1" crap="1" count="1"/>
      <line num="11" type="stmt" count="1"/>
      <line num="14" type="method" name="routeing" visibility="public" complexity="1" crap="1" count="1"/>
      <line num="16" type="stmt" count="1"/>
      <line num="19" type="method" name="timetable" visibility="public" complexity="1" crap="1" count="1"/>
      <line num="21" type="stmt" count="1"/>
      <metrics loc="24" ncloc="24" classes="1" methods="3" coveredmethods="3" conditionals="0" coveredconditionals="0" statements="3" coveredstatements="3" elements="6" coveredelements="6"/>
    </file>
    <file name="/home/runner/work/nrephp/nrephp/src/OpenData/Exceptions/CouldNotGenerateToken.php">
      <class name="Pedros80\NREphp\OpenData\Exceptions\CouldNotGenerateToken" namespace="global">
        <metrics complexity="0" methods="0" coveredmethods="0" conditionals="0" coveredconditionals="0" statements="0" coveredstatements="0" elements="0" coveredelements="0"/>
      </class>
      <metrics loc="13" ncloc="12" classes="0" methods="0" coveredmethods="0" conditionals="0" coveredconditionals="0" statements="0" coveredstatements="0" elements="0" coveredelements="0"/>
    </file>
    <file name="/home/runner/work/nrephp/nrephp/src/OpenData/Factories/HttpClientFactory.php">
      <class name="Pedros80\NREphp\OpenData\Factories\HttpClientFactory" namespace="global">
        <metrics complexity="2" methods="2" coveredmethods="2" conditionals="0" coveredconditionals="0" statements="2" coveredstatements="2" elements="4" coveredelements="4"/>
      </class>
      <line num="16" type="method" name="makeAuthClient" visibility="public" complexity="1" crap="1" count="1"/>
      <line num="18" type="stmt" count="1"/>
      <line num="28" type="method" name="makeClient" visibility="public" complexity="1" crap="1" count="1"/>
      <line num="30" type="stmt" count="1"/>
      <metrics loc="39" ncloc="39" classes="1" methods="2" coveredmethods="2" conditionals="0" coveredconditionals="0" statements="2" coveredstatements="2" elements="4" coveredelements="4"/>
    </file>
    <file name="/home/runner/work/nrephp/nrephp/src/OpenData/KnowledgeBase/Commands/RealTimeIncidentsListener.php">
      <class name="Pedros80\NREphp\OpenData\KnowledgeBase\Commands\RealTimeIncidentsListener" namespace="global">
        <metrics complexity="7" methods="2" coveredmethods="0" conditionals="0" coveredconditionals="0" statements="21" coveredstatements="0" elements="23" coveredelements="0"/>
      </class>
      <line num="25" type="method" name="configure" visibility="protected" complexity="1" crap="2" count="0"/>
      <line num="27" type="stmt" count="0"/>
      <line num="28" type="stmt" count="0"/>
      <line num="31" type="method" name="execute" visibility="protected" complexity="6" crap="42" count="0"/>
      <line num="33" type="stmt" count="0"/>
      <line num="34" type="stmt" count="0"/>
      <line num="37" type="stmt" count="0"/>
      <line num="38" type="stmt" count="0"/>
      <line num="39" type="stmt" count="0"/>
      <line num="40" type="stmt" count="0"/>
      <line num="42" type="stmt" count="0"/>
      <line num="44" type="stmt" count="0"/>
      <line num="46" type="stmt" count="0"/>
      <line num="47" type="stmt" count="0"/>
      <line num="50" type="stmt" count="0"/>
      <line num="51" type="stmt" count="0"/>
      <line num="52" type="stmt" count="0"/>
      <line num="53" type="stmt" count="0"/>
      <line num="54" type="stmt" count="0"/>
      <line num="56" type="stmt" count="0"/>
      <line num="58" type="stmt" count="0"/>
      <line num="59" type="stmt" count="0"/>
      <line num="61" type="stmt" count="0"/>
      <metrics loc="65" ncloc="65" classes="1" methods="2" coveredmethods="0" conditionals="0" coveredconditionals="0" statements="21" coveredstatements="0" elements="23" coveredelements="0"/>
    </file>
    <file name="/home/runner/work/nrephp/nrephp/src/OpenData/KnowledgeBase/KB.php">
      <class name="Pedros80\NREphp\OpenData\KnowledgeBase\KB" namespace="global">
        <metrics complexity="7" methods="7" coveredmethods="7" conditionals="0" coveredconditionals="0" statements="7" coveredstatements="7" elements="14" coveredelements="14"/>
      </class>
      <line num="9" type="method" name="serviceIndicators" visibility="public" complexity="1" crap="1" count="1"/>
      <line num="11" type="stmt" count="1"/>
      <line num="14" type="method" name="incidents" visibility="public" complexity="1" crap="1" count="1"/>
      <line num="16" type="stmt" count="1"/>
      <line num="19" type="method" name="tocs" visibility="public" complexity="1" crap="1" count="1"/>
      <line num="21" type="stmt" count="1"/>
      <line num="24" type="method" name="ticketRestrictions" visibility="public" complexity="1" crap="1" count="1"/>
      <line num="26" type="stmt" count="1"/>
      <line num="29" type="method" name="ticketTypes" visibility="public" complexity="1" crap="1" count="1"/>
      <line num="31" type="stmt" count="1"/>
      <line num="34" type="method" name="publicPromotions" visibility="public" complexity="1" crap="1" count="1"/>
      <line num="36" type="stmt" count="1"/>
      <line num="39" type="method" name="stations" visibility="public" complexity="1" crap="1" count="1"/>
      <line num="41" type="stmt" count="1"/>
      <metrics loc="44" ncloc="44" classes="1" methods="7" coveredmethods="7" conditionals="0" coveredconditionals="0" statements="7" coveredstatements="7" elements="14" coveredelements="14"/>
    </file>
    <file name="/home/runner/work/nrephp/nrephp/src/OpenData/Services/Service.php">
      <class name="Pedros80\NREphp\OpenData\Services\Service" namespace="global">
        <metrics complexity="2" methods="2" coveredmethods="2" conditionals="0" coveredconditionals="0" statements="4" coveredstatements="4" elements="6" coveredelements="6"/>
      </class>
      <line num="9" type="method" name="__construct" visibility="public" complexity="1" crap="1" count="12"/>
      <line num="14" type="method" name="call" visibility="protected" complexity="1" crap="1" count="10"/>
      <line num="16" type="stmt" count="10"/>
      <line num="18" type="stmt" count="10"/>
      <line num="22" type="stmt" count="10"/>
      <metrics loc="25" ncloc="25" classes="1" methods="2" coveredmethods="2" conditionals="0" coveredconditionals="0" statements="4" coveredstatements="4" elements="6" coveredelements="6"/>
    </file>
    <file name="/home/runner/work/nrephp/nrephp/src/OpenData/Services/TokenGenerator.php">
      <class name="Pedros80\NREphp\OpenData\Services\TokenGenerator" namespace="global">
        <metrics complexity="4" methods="3" coveredmethods="3" conditionals="0" coveredconditionals="0" statements="12" coveredstatements="12" elements="15" coveredelements="15"/>
      </class>
      <line num="11" type="method" name="__construct" visibility="public" complexity="1" crap="1" count="3"/>
      <line num="16" type="method" name="get" visibility="public" complexity="2" crap="2" count="2"/>
      <line num="19" type="stmt" count="2"/>
      <line num="21" type="stmt" count="2"/>
      <line num="26" type="stmt" count="1"/>
      <line num="27" type="stmt" count="1"/>
      <line num="29" type="stmt" count="1"/>
      <line num="30" type="stmt" count="1"/>
      <line num="31" type="stmt" count="1"/>
      <line num="35" type="method" name="parseToken" visibility="private" complexity="1" crap="1" count="1"/>
      <line num="37" type="stmt" count="1"/>
      <line num="40" type="stmt" count="1"/>
      <line num="41" type="stmt" count="1"/>
      <line num="42" type="stmt" count="1"/>
      <metrics loc="46" ncloc="46" classes="1" methods="3" coveredmethods="3" conditionals="0" coveredconditionals="0" statements="12" coveredstatements="12" elements="15" coveredelements="15"/>
    </file>
    <file name="/home/runner/work/nrephp/nrephp/src/Shared/Services/Broker.php">
      <class name="Pedros80\NREphp\Shared\Services\Broker" namespace="global">
        <metrics complexity="9" methods="6" coveredmethods="0" conditionals="0" coveredconditionals="0" statements="19" coveredstatements="0" elements="25" coveredelements="0"/>
      </class>
      <line num="17" type="method" name="__construct" visibility="public" complexity="1" crap="2" count="0"/>
      <line num="19" type="stmt" count="0"/>
      <line num="20" type="stmt" count="0"/>
      <line num="21" type="stmt" count="0"/>
      <line num="24" type="stmt" count="0"/>
      <line num="25" type="stmt" count="0"/>
      <line num="27" type="stmt" count="0"/>
      <line num="28" type="stmt" count="0"/>
      <line num="30" type="stmt" count="0"/>
      <line num="31" type="stmt" count="0"/>
      <line num="34" type="method" name="subscribe" visibility="public" complexity="1" crap="2" count="0"/>
      <line num="36" type="stmt" count="0"/>
      <line num="37" type="stmt" count="0"/>
      <line num="40" type="method" name="unsubscribe" visibility="public" complexity="3" crap="12" count="0"/>
      <line num="42" type="stmt" count="0"/>
      <line num="43" type="stmt" count="0"/>
      <line num="44" type="stmt" count="0"/>
      <line num="45" type="stmt" count="0"/>
      <line num="48" type="stmt" count="0"/>
      <line num="52" type="method" name="read" visibility="public" complexity="2" crap="6" count="0"/>
      <line num="54" type="stmt" count="0"/>
      <line num="57" type="method" name="ack" visibility="public" complexity="1" crap="2" count="0"/>
      <line num="59" type="stmt" count="0"/>
      <line num="62" type="method" name="nack" visibility="public" complexity="1" crap="2" count="0"/>
      <line num="64" type="stmt" count="0"/>
      <metrics loc="67" ncloc="63" classes="1" methods="6" coveredmethods="0" conditionals="0" coveredconditionals="0" statements="19" coveredstatements="0" elements="25" coveredelements="0"/>
    </file>
    <metrics files="41" loc="4399" ncloc="4385" classes="40" methods="113" coveredmethods="102" conditionals="0" coveredconditionals="0" statements="304" coveredstatements="238" elements="417" coveredelements="340"/>
  </project>
</coverage>
